Log file open, 03/18/20 22:50:46
LogWindows: Failed to load 'aqProf.dll' (GetLastError=126)
LogWindows: File 'aqProf.dll' does not exist
LogWindows: Failed to load 'VtuneApi.dll' (GetLastError=126)
LogWindows: File 'VtuneApi.dll' does not exist
LogWindows: Failed to load 'VtuneApi32e.dll' (GetLastError=126)
LogWindows: File 'VtuneApi32e.dll' does not exist
LogConsoleResponse: Display: Failed to find resolution value strings in scalability ini. Falling back to default.
LogInit: Display: Running engine for game: Practica1
LogPlatformFile: Not using cached read wrapper
LogTaskGraph: Started task graph with 5 named threads and 35 total threads with 3 sets of task threads.
LogStats: Stats thread started at 6.749643
LogD3D11RHI: Loaded GFSDK_Aftermath_Lib.x64.dll
LogICUInternationalization: ICU TimeZone Detection - Raw Offset: +1:00, Platform Override: ''
LogPluginManager: Mounting plugin Paper2D
LogPluginManager: Mounting plugin AISupport
LogPluginManager: Mounting plugin LightPropagationVolume
LogPluginManager: Mounting plugin ActorLayerUtilities
LogPluginManager: Mounting plugin AnimationSharing
LogPluginManager: Mounting plugin CLionSourceCodeAccess
LogPluginManager: Mounting plugin CodeLiteSourceCodeAccess
LogPluginManager: Mounting plugin GitSourceControl
LogPluginManager: Mounting plugin KDevelopSourceCodeAccess
LogPluginManager: Mounting plugin NullSourceCodeAccess
LogPluginManager: Mounting plugin PerforceSourceControl
LogPluginManager: Mounting plugin PlasticSourceControl
LogPluginManager: Mounting plugin SubversionSourceControl
LogPluginManager: Mounting plugin UObjectPlugin
LogPluginManager: Mounting plugin VisualStudioCodeSourceCodeAccess
LogPluginManager: Mounting plugin VisualStudioSourceCodeAccess
LogPluginManager: Mounting plugin XCodeSourceCodeAccess
LogPluginManager: Mounting plugin AssetManagerEditor
LogPluginManager: Mounting plugin CryptoKeys
LogPluginManager: Mounting plugin CurveEditorTools
LogPluginManager: Mounting plugin DataValidation
LogPluginManager: Mounting plugin FacialAnimation
LogPluginManager: Mounting plugin GameplayTagsEditor
LogPluginManager: Mounting plugin MacGraphicsSwitching
LogPluginManager: Mounting plugin MaterialAnalyzer
LogPluginManager: Mounting plugin MobileLauncherProfileWizard
LogPluginManager: Mounting plugin PluginBrowser
LogPluginManager: Mounting plugin SpeedTreeImporter
LogPluginManager: Mounting plugin DatasmithContent
LogPluginManager: Mounting plugin VariantManagerContent
LogPluginManager: Mounting plugin AlembicImporter
LogPluginManager: Mounting plugin AutomationUtils
LogPluginManager: Mounting plugin BackChannel
LogPluginManager: Mounting plugin CharacterAI
LogPluginManager: Mounting plugin GeometryCache
LogPluginManager: Mounting plugin PlatformCrypto
LogPluginManager: Mounting plugin ProxyLODPlugin
LogPluginManager: Mounting plugin SkeletalReduction
LogPluginManager: Mounting plugin MagicLeap
LogPluginManager: Mounting plugin MagicLeapMedia
LogPluginManager: Mounting plugin MLSDK
LogPluginManager: Mounting plugin AndroidMedia
LogPluginManager: Mounting plugin AvfMedia
LogPluginManager: Mounting plugin ImgMedia
LogPluginManager: Mounting plugin MediaCompositing
LogPluginManager: Mounting plugin MediaPlayerEditor
LogPluginManager: Mounting plugin WebMMedia
LogPluginManager: Mounting plugin WmfMedia
LogPluginManager: Mounting plugin TcpMessaging
LogPluginManager: Mounting plugin UdpMessaging
LogPluginManager: Mounting plugin ActorSequence
LogPluginManager: Mounting plugin LevelSequenceEditor
LogPluginManager: Mounting plugin MatineeToLevelSequence
LogPluginManager: Mounting plugin NetcodeUnitTest
LogPluginManager: Mounting plugin NUTUnrealEngine4
LogPluginManager: Mounting plugin OnlineSubsystemGooglePlay
LogPluginManager: Mounting plugin OnlineSubsystemIOS
LogPluginManager: Mounting plugin OnlineSubsystem
LogPluginManager: Mounting plugin OnlineSubsystemNull
LogPluginManager: Mounting plugin OnlineSubsystemUtils
LogPluginManager: Mounting plugin LauncherChunkInstaller
LogPluginManager: Mounting plugin AndroidDeviceProfileSelector
LogPluginManager: Mounting plugin AndroidMoviePlayer
LogPluginManager: Mounting plugin AndroidPermission
LogPluginManager: Mounting plugin AppleImageUtils
LogPluginManager: Mounting plugin AppleMoviePlayer
LogPluginManager: Mounting plugin ArchVisCharacter
LogPluginManager: Mounting plugin AssetTags
LogPluginManager: Mounting plugin AudioCapture
LogPluginManager: Mounting plugin CableComponent
LogPluginManager: Mounting plugin CustomMeshComponent
LogPluginManager: Mounting plugin EditableMesh
LogPluginManager: Mounting plugin ExampleDeviceProfileSelector
LogPluginManager: Mounting plugin GoogleCloudMessaging
LogPluginManager: Mounting plugin IOSDeviceProfileSelector
LogPluginManager: Mounting plugin LinuxDeviceProfileSelector
LogPluginManager: Mounting plugin LocationServicesBPLibrary
LogPluginManager: Mounting plugin MobilePatchingUtils
LogPluginManager: Mounting plugin OculusVR
LogPluginManager: Mounting plugin PhysXVehicles
LogPluginManager: Mounting plugin PostSplashScreen
LogPluginManager: Mounting plugin ProceduralMeshComponent
LogPluginManager: Mounting plugin RuntimePhysXCooking
LogPluginManager: Mounting plugin SignificanceManager
LogPluginManager: Mounting plugin SteamVR
LogPluginManager: Mounting plugin WebMMoviePlayer
LogPluginManager: Mounting plugin WindowsMoviePlayer
LogPluginManager: Mounting plugin ScreenshotTools
LogInit: Using libcurl 7.55.1-DEV
LogInit:  - built for x86_64-pc-win32
LogInit:  - supports SSL with OpenSSL/1.1.1
LogInit:  - supports HTTP deflate (compression) using libz 1.2.8
LogInit:  - other features:
LogInit:      CURL_VERSION_SSL
LogInit:      CURL_VERSION_LIBZ
LogInit:      CURL_VERSION_IPV6
LogInit:      CURL_VERSION_ASYNCHDNS
LogInit:      CURL_VERSION_LARGEFILE
LogInit:      CURL_VERSION_IDN
LogInit:  CurlRequestOptions (configurable via config and command line):
LogInit:  - bVerifyPeer = true  - Libcurl will verify peer certificate
LogInit:  - bUseHttpProxy = false  - Libcurl will NOT use HTTP proxy
LogInit:  - bDontReuseConnections = false  - Libcurl will reuse connections
LogInit:  - MaxHostConnections = 16  - Libcurl will limit the number of connections to a host
LogInit:  - LocalHostAddr = Default
LogInit:  - BufferSize = 65536
LogOnline: OSS: Creating online subsystem instance for: NULL
LogInit: WinSock: version 1.1 (2.2), MaxSocks=32767, MaxUdp=65467
LogOnline: OSS: TryLoadSubsystemAndSetDefault: Loaded subsystem for module [NULL]
LogInit: Build: ++UE4+Release-4.24-CL-10757647
LogInit: Engine Version: 4.24.1-10757647+++UE4+Release-4.24
LogInit: Compatible Engine Version: 4.24.0-10570792+++UE4+Release-4.24
LogInit: Net CL: 10570792
LogInit: OS: Windows 10 (Release 1903) (), CPU: Intel(R) Core(TM) i7-8750H CPU @ 2.20GHz, GPU: Intel(R) UHD Graphics 630
LogInit: Compiled (64-bit): Dec 17 2019 02:08:03
LogInit: Compiled with Visual C++: 19.16.27032.01
LogInit: Build Configuration: Development
LogInit: Branch Name: ++UE4+Release-4.24
LogInit: Command Line: 
LogInit: Base Directory: D:/Unreal/Epic Games/UE_4.24/Engine/Binaries/Win64/
LogInit: Installed Engine Build: 1
LogDevObjectVersion: Number of dev versions registered: 25
LogDevObjectVersion:   Dev-Blueprints (B0D832E4-1F89-4F0D-ACCF-7EB736FD4AA2): 10
LogDevObjectVersion:   Dev-Build (E1C64328-A22C-4D53-A36C-8E866417BD8C): 0
LogDevObjectVersion:   Dev-Core (375EC13C-06E4-48FB-B500-84F0262A717E): 3
LogDevObjectVersion:   Dev-Editor (E4B068ED-F494-42E9-A231-DA0B2E46BB41): 37
LogDevObjectVersion:   Dev-Framework (CFFC743F-43B0-4480-9391-14DF171D2073): 36
LogDevObjectVersion:   Dev-Mobile (B02B49B5-BB20-44E9-A304-32B752E40360): 2
LogDevObjectVersion:   Dev-Networking (A4E4105C-59A1-49B5-A7C5-40C4547EDFEE): 0
LogDevObjectVersion:   Dev-Online (39C831C9-5AE6-47DC-9A44-9C173E1C8E7C): 0
LogDevObjectVersion:   Dev-Physics (78F01B33-EBEA-4F98-B9B4-84EACCB95AA2): 2
LogDevObjectVersion:   Dev-Platform (6631380F-2D4D-43E0-8009-CF276956A95A): 0
LogDevObjectVersion:   Dev-Rendering (12F88B9F-8875-4AFC-A67C-D90C383ABD29): 36
LogDevObjectVersion:   Dev-Sequencer (7B5AE74C-D270-4C10-A958-57980B212A5A): 11
LogDevObjectVersion:   Dev-VR (D7296918-1DD6-4BDD-9DE2-64A83CC13884): 2
LogDevObjectVersion:   Dev-LoadTimes (C2A15278-BFE7-4AFE-6C17-90FF531DF755): 1
LogDevObjectVersion:   Private-Geometry (6EACA3D4-40EC-4CC1-B786-8BED09428FC5): 3
LogDevObjectVersion:   Dev-AnimPhys (29E575DD-E0A3-4627-9D10-D276232CDCEA): 17
LogDevObjectVersion:   Dev-Anim (AF43A65D-7FD3-4947-9873-3E8ED9C1BB05): 2
LogDevObjectVersion:   Dev-ReflectionCapture (6B266CEC-1EC7-4B8F-A30B-E4D90942FC07): 1
LogDevObjectVersion:   Dev-Automation (0DF73D61-A23F-47EA-B727-89E90C41499A): 1
LogDevObjectVersion:   FortniteMain (601D1886-AC64-4F84-AA16-D3DE0DEAC7D6): 31
LogDevObjectVersion:   Dev-Enterprise (9DFFBCD6-494F-0158-E221-12823C92A888): 8
LogDevObjectVersion:   Dev-Niagara (F2AED0AC-9AFE-416F-8664-AA7FFA26D6FC): 1
LogDevObjectVersion:   Dev-Destruction (174F1F0B-B4C6-45A5-B13F-2EE8D0FB917D): 9
LogDevObjectVersion:   Dev-Physics-Ext (35F94A83-E258-406C-A318-09F59610247C): 8
LogDevObjectVersion:   Dev-CineCamera (B2E18506-4273-CFC2-A54E-F4BB758BBA07): 1
LogInit: Presizing for max 25165824 objects, including 0 objects not considered by GC, pre-allocating 0 bytes for permanent pool.
LogInit: Object subsystem initialized
LogConfig: Setting CVar [[con.DebugEarlyDefault:1]]
LogConfig: Setting CVar [[r.setres:1280x720]]
[2020.03.18-21.50.50:281][  0]LogConfig: Setting CVar [[r.VSync:0]]
[2020.03.18-21.50.50:281][  0]LogConfig: Setting CVar [[r.RHICmdBypass:0]]
[2020.03.18-21.50.50:282][  0]LogConfig: Applying CVar settings from Section [/Script/Engine.RendererSettings] File [C:/Users/mique/Documents/GitHub/Practica1_Unreal/Practica1/Saved/Config/Windows/Engine.ini]
[2020.03.18-21.50.50:282][  0]LogConfig: Setting CVar [[r.GPUCrashDebugging:0]]
[2020.03.18-21.50.50:282][  0]LogConfig: Applying CVar settings from Section [/Script/Engine.RendererOverrideSettings] File [C:/Users/mique/Documents/GitHub/Practica1_Unreal/Practica1/Saved/Config/Windows/Engine.ini]
[2020.03.18-21.50.50:282][  0]LogConfig: Applying CVar settings from Section [/Script/Engine.StreamingSettings] File [C:/Users/mique/Documents/GitHub/Practica1_Unreal/Practica1/Saved/Config/Windows/Engine.ini]
[2020.03.18-21.50.50:282][  0]LogConfig: Setting CVar [[s.MinBulkDataSizeForAsyncLoading:131072]]
[2020.03.18-21.50.50:282][  0]LogConfig: Setting CVar [[s.AsyncLoadingThreadEnabled:0]]
[2020.03.18-21.50.50:282][  0]LogConfig: Setting CVar [[s.EventDrivenLoaderEnabled:1]]
[2020.03.18-21.50.50:282][  0]LogConfig: Setting CVar [[s.WarnIfTimeLimitExceeded:0]]
[2020.03.18-21.50.50:282][  0]LogConfig: Setting CVar [[s.TimeLimitExceededMultiplier:1.5]]
[2020.03.18-21.50.50:282][  0]LogConfig: Setting CVar [[s.TimeLimitExceededMinTime:0.005]]
[2020.03.18-21.50.50:282][  0]LogConfig: Setting CVar [[s.UseBackgroundLevelStreaming:1]]
[2020.03.18-21.50.50:282][  0]LogConfig: Setting CVar [[s.PriorityAsyncLoadingExtraTime:15.0]]
[2020.03.18-21.50.50:282][  0]LogConfig: Setting CVar [[s.LevelStreamingActorsUpdateTimeLimit:5.0]]
[2020.03.18-21.50.50:282][  0]LogConfig: Setting CVar [[s.PriorityLevelStreamingActorsUpdateExtraTime:5.0]]
[2020.03.18-21.50.50:282][  0]LogConfig: Setting CVar [[s.LevelStreamingComponentsRegistrationGranularity:10]]
[2020.03.18-21.50.50:282][  0]LogConfig: Setting CVar [[s.UnregisterComponentsTimeLimit:1.0]]
[2020.03.18-21.50.50:282][  0]LogConfig: Setting CVar [[s.LevelStreamingComponentsUnregistrationGranularity:5]]
[2020.03.18-21.50.50:282][  0]LogConfig: Setting CVar [[s.FlushStreamingOnExit:1]]
[2020.03.18-21.50.50:282][  0]LogConfig: Applying CVar settings from Section [/Script/Engine.GarbageCollectionSettings] File [C:/Users/mique/Documents/GitHub/Practica1_Unreal/Practica1/Saved/Config/Windows/Engine.ini]
[2020.03.18-21.50.50:282][  0]LogConfig: Setting CVar [[gc.MaxObjectsNotConsideredByGC:1]]
[2020.03.18-21.50.50:283][  0]LogConfig: Setting CVar [[gc.SizeOfPermanentObjectPool:0]]
[2020.03.18-21.50.50:283][  0]LogConfig: Setting CVar [[gc.FlushStreamingOnGC:0]]
[2020.03.18-21.50.50:283][  0]LogConfig: Setting CVar [[gc.NumRetriesBeforeForcingGC:10]]
[2020.03.18-21.50.50:283][  0]LogConfig: Setting CVar [[gc.AllowParallelGC:1]]
[2020.03.18-21.50.50:283][  0]LogConfig: Setting CVar [[gc.TimeBetweenPurgingPendingKillObjects:61.1]]
[2020.03.18-21.50.50:283][  0]LogConfig: Setting CVar [[gc.MaxObjectsInEditor:25165824]]
[2020.03.18-21.50.50:283][  0]LogConfig: Setting CVar [[gc.IncrementalBeginDestroyEnabled:1]]
[2020.03.18-21.50.50:283][  0]LogConfig: Setting CVar [[gc.CreateGCClusters:1]]
[2020.03.18-21.50.50:283][  0]LogConfig: Setting CVar [[gc.MinGCClusterSize:5]]
[2020.03.18-21.50.50:283][  0]LogConfig: Setting CVar [[gc.ActorClusteringEnabled:0]]
[2020.03.18-21.50.50:283][  0]LogConfig: Setting CVar [[gc.BlueprintClusteringEnabled:0]]
[2020.03.18-21.50.50:283][  0]LogConfig: Setting CVar [[gc.UseDisregardForGCOnDedicatedServers:0]]
[2020.03.18-21.50.50:283][  0]LogConfig: Applying CVar settings from Section [/Script/Engine.NetworkSettings] File [C:/Users/mique/Documents/GitHub/Practica1_Unreal/Practica1/Saved/Config/Windows/Engine.ini]
[2020.03.18-21.50.50:283][  0]LogConfig: Applying CVar settings from Section [/Script/UnrealEd.CookerSettings] File [C:/Users/mique/Documents/GitHub/Practica1_Unreal/Practica1/Saved/Config/Windows/Engine.ini]
[2020.03.18-21.50.50:332][  0]LogConfig: Applying CVar settings from Section [ViewDistanceQuality@3] File [C:/Users/mique/Documents/GitHub/Practica1_Unreal/Practica1/Saved/Config/Windows/Scalability.ini]
[2020.03.18-21.50.50:332][  0]LogConfig: Setting CVar [[r.SkeletalMeshLODBias:0]]
[2020.03.18-21.50.50:332][  0]LogConfig: Setting CVar [[r.ViewDistanceScale:1.0]]
[2020.03.18-21.50.50:332][  0]LogConfig: Applying CVar settings from Section [AntiAliasingQuality@3] File [C:/Users/mique/Documents/GitHub/Practica1_Unreal/Practica1/Saved/Config/Windows/Scalability.ini]
[2020.03.18-21.50.50:332][  0]LogConfig: Setting CVar [[r.PostProcessAAQuality:4]]
[2020.03.18-21.50.50:332][  0]LogConfig: Applying CVar settings from Section [ShadowQuality@3] File [C:/Users/mique/Documents/GitHub/Practica1_Unreal/Practica1/Saved/Config/Windows/Scalability.ini]
[2020.03.18-21.50.50:332][  0]LogConfig: Setting CVar [[r.LightFunctionQuality:1]]
[2020.03.18-21.50.50:332][  0]LogConfig: Setting CVar [[r.ShadowQuality:5]]
[2020.03.18-21.50.50:332][  0]LogConfig: Setting CVar [[r.Shadow.CSM.MaxCascades:10]]
[2020.03.18-21.50.50:332][  0]LogConfig: Setting CVar [[r.Shadow.MaxResolution:2048]]
[2020.03.18-21.50.50:332][  0]LogConfig: Setting CVar [[r.Shadow.MaxCSMResolution:2048]]
[2020.03.18-21.50.50:332][  0]LogConfig: Setting CVar [[r.Shadow.RadiusThreshold:0.01]]
[2020.03.18-21.50.50:332][  0]LogConfig: Setting CVar [[r.Shadow.DistanceScale:1.0]]
[2020.03.18-21.50.50:332][  0]LogConfig: Setting CVar [[r.Shadow.CSM.TransitionScale:1.0]]
[2020.03.18-21.50.50:332][  0]LogConfig: Setting CVar [[r.Shadow.PreShadowResolutionFactor:1.0]]
[2020.03.18-21.50.50:332][  0]LogConfig: Setting CVar [[r.DistanceFieldShadowing:1]]
[2020.03.18-21.50.50:332][  0]LogConfig: Setting CVar [[r.DistanceFieldAO:1]]
[2020.03.18-21.50.50:332][  0]LogConfig: Setting CVar [[r.AOQuality:2]]
[2020.03.18-21.50.50:332][  0]LogConfig: Setting CVar [[r.VolumetricFog:1]]
[2020.03.18-21.50.50:332][  0]LogConfig: Setting CVar [[r.VolumetricFog.GridPixelSize:8]]
[2020.03.18-21.50.50:332][  0]LogConfig: Setting CVar [[r.VolumetricFog.GridSizeZ:128]]
[2020.03.18-21.50.50:332][  0]LogConfig: Setting CVar [[r.VolumetricFog.HistoryMissSupersampleCount:4]]
[2020.03.18-21.50.50:332][  0]LogConfig: Setting CVar [[r.LightMaxDrawDistanceScale:1]]
[2020.03.18-21.50.50:332][  0]LogConfig: Setting CVar [[r.CapsuleShadows:1]]
[2020.03.18-21.50.50:332][  0]LogConfig: Applying CVar settings from Section [PostProcessQuality@3] File [C:/Users/mique/Documents/GitHub/Practica1_Unreal/Practica1/Saved/Config/Windows/Scalability.ini]
[2020.03.18-21.50.50:332][  0]LogConfig: Setting CVar [[r.MotionBlurQuality:4]]
[2020.03.18-21.50.50:332][  0]LogConfig: Setting CVar [[r.AmbientOcclusionMipLevelFactor:0.4]]
[2020.03.18-21.50.50:332][  0]LogConfig: Setting CVar [[r.AmbientOcclusionMaxQuality:100]]
[2020.03.18-21.50.50:332][  0]LogConfig: Setting CVar [[r.AmbientOcclusionLevels:-1]]
[2020.03.18-21.50.50:332][  0]LogConfig: Setting CVar [[r.AmbientOcclusionRadiusScale:1.0]]
[2020.03.18-21.50.50:332][  0]LogConfig: Setting CVar [[r.DepthOfFieldQuality:2]]
[2020.03.18-21.50.50:332][  0]LogConfig: Setting CVar [[r.RenderTargetPoolMin:400]]
[2020.03.18-21.50.50:332][  0]LogConfig: Setting CVar [[r.LensFlareQuality:2]]
[2020.03.18-21.50.50:332][  0]LogConfig: Setting CVar [[r.SceneColorFringeQuality:1]]
[2020.03.18-21.50.50:332][  0]LogConfig: Setting CVar [[r.EyeAdaptationQuality:2]]
[2020.03.18-21.50.50:332][  0]LogConfig: Setting CVar [[r.BloomQuality:5]]
[2020.03.18-21.50.50:332][  0]LogConfig: Setting CVar [[r.FastBlurThreshold:100]]
[2020.03.18-21.50.50:332][  0]LogConfig: Setting CVar [[r.Upscale.Quality:3]]
[2020.03.18-21.50.50:332][  0]LogConfig: Setting CVar [[r.Tonemapper.GrainQuantization:1]]
[2020.03.18-21.50.50:333][  0]LogConfig: Setting CVar [[r.LightShaftQuality:1]]
[2020.03.18-21.50.50:333][  0]LogConfig: Setting CVar [[r.Filter.SizeScale:1]]
[2020.03.18-21.50.50:333][  0]LogConfig: Setting CVar [[r.Tonemapper.Quality:5]]
[2020.03.18-21.50.50:333][  0]LogConfig: Setting CVar [[r.DOF.Gather.AccumulatorQuality:1        ; higher gathering accumulator quality]]
[2020.03.18-21.50.50:333][  0]LogConfig: Setting CVar [[r.DOF.Gather.PostfilterMethod:1          ; Median3x3 postfilering method]]
[2020.03.18-21.50.50:333][  0]LogConfig: Setting CVar [[r.DOF.Gather.EnableBokehSettings:0       ; no bokeh simulation when gathering]]
[2020.03.18-21.50.50:333][  0]LogConfig: Setting CVar [[r.DOF.Gather.RingCount:4                 ; medium number of samples when gathering]]
[2020.03.18-21.50.50:333][  0]LogConfig: Setting CVar [[r.DOF.Scatter.ForegroundCompositing:1    ; additive foreground scattering]]
[2020.03.18-21.50.50:333][  0]LogConfig: Setting CVar [[r.DOF.Scatter.BackgroundCompositing:2    ; additive background scattering]]
[2020.03.18-21.50.50:333][  0]LogConfig: Setting CVar [[r.DOF.Scatter.EnableBokehSettings:1      ; bokeh simulation when scattering]]
[2020.03.18-21.50.50:333][  0]LogConfig: Setting CVar [[r.DOF.Scatter.MaxSpriteRatio:0.1         ; only a maximum of 10% of scattered bokeh]]
[2020.03.18-21.50.50:333][  0]LogConfig: Setting CVar [[r.DOF.Recombine.Quality:1                ; cheap slight out of focus]]
[2020.03.18-21.50.50:333][  0]LogConfig: Setting CVar [[r.DOF.Recombine.EnableBokehSettings:0    ; no bokeh simulation on slight out of focus]]
[2020.03.18-21.50.50:333][  0]LogConfig: Setting CVar [[r.DOF.TemporalAAQuality:1                ; more stable temporal accumulation]]
[2020.03.18-21.50.50:333][  0]LogConfig: Setting CVar [[r.DOF.Kernel.MaxForegroundRadius:0.025]]
[2020.03.18-21.50.50:333][  0]LogConfig: Setting CVar [[r.DOF.Kernel.MaxBackgroundRadius:0.025]]
[2020.03.18-21.50.50:333][  0]LogConfig: Applying CVar settings from Section [TextureQuality@3] File [C:/Users/mique/Documents/GitHub/Practica1_Unreal/Practica1/Saved/Config/Windows/Scalability.ini]
[2020.03.18-21.50.50:333][  0]LogConfig: Setting CVar [[r.Streaming.MipBias:0]]
[2020.03.18-21.50.50:333][  0]LogConfig: Setting CVar [[r.Streaming.AmortizeCPUToGPUCopy:0]]
[2020.03.18-21.50.50:333][  0]LogConfig: Setting CVar [[r.Streaming.MaxNumTexturesToStreamPerFrame:0]]
[2020.03.18-21.50.50:333][  0]LogConfig: Setting CVar [[r.Streaming.Boost:1]]
[2020.03.18-21.50.50:333][  0]LogConfig: Setting CVar [[r.MaxAnisotropy:8]]
[2020.03.18-21.50.50:333][  0]LogConfig: Setting CVar [[r.VT.MaxAnisotropy:8]]
[2020.03.18-21.50.50:333][  0]LogConfig: Setting CVar [[r.Streaming.LimitPoolSizeToVRAM:0]]
[2020.03.18-21.50.50:333][  0]LogConfig: Setting CVar [[r.Streaming.PoolSize:1000]]
[2020.03.18-21.50.50:333][  0]LogConfig: Setting CVar [[r.Streaming.MaxEffectiveScreenSize:0]]
[2020.03.18-21.50.50:333][  0]LogConfig: Applying CVar settings from Section [EffectsQuality@3] File [C:/Users/mique/Documents/GitHub/Practica1_Unreal/Practica1/Saved/Config/Windows/Scalability.ini]
[2020.03.18-21.50.50:333][  0]LogConfig: Setting CVar [[r.TranslucencyLightingVolumeDim:64]]
[2020.03.18-21.50.50:333][  0]LogConfig: Setting CVar [[r.RefractionQuality:2]]
[2020.03.18-21.50.50:333][  0]LogConfig: Setting CVar [[r.SSR.Quality:3]]
[2020.03.18-21.50.50:333][  0]LogConfig: Setting CVar [[r.SSR.HalfResSceneColor:0]]
[2020.03.18-21.50.50:333][  0]LogConfig: Setting CVar [[r.SceneColorFormat:4]]
[2020.03.18-21.50.50:333][  0]LogConfig: Setting CVar [[r.DetailMode:2]]
[2020.03.18-21.50.50:333][  0]LogConfig: Setting CVar [[r.TranslucencyVolumeBlur:1]]
[2020.03.18-21.50.50:333][  0]LogConfig: Setting CVar [[r.MaterialQualityLevel:1 ; High quality]]
[2020.03.18-21.50.50:333][  0]LogConfig: Setting CVar [[r.SSS.Scale:1]]
[2020.03.18-21.50.50:333][  0]LogConfig: Setting CVar [[r.SSS.SampleSet:2]]
[2020.03.18-21.50.50:333][  0]LogConfig: Setting CVar [[r.SSS.Quality:1]]
[2020.03.18-21.50.50:333][  0]LogConfig: Setting CVar [[r.SSS.HalfRes:1]]
[2020.03.18-21.50.50:333][  0]LogConfig: Setting CVar [[r.SSGI.Quality:3]]
[2020.03.18-21.50.50:333][  0]LogConfig: Setting CVar [[r.EmitterSpawnRateScale:1.0]]
[2020.03.18-21.50.50:333][  0]LogConfig: Setting CVar [[r.ParticleLightQuality:2]]
[2020.03.18-21.50.50:333][  0]LogConfig: Setting CVar [[r.SkyAtmosphere.AerialPerspectiveLUT.FastApplyOnOpaque:1 ; Always have FastSkyLUT 1 in this case to avoid wrong sky]]
[2020.03.18-21.50.50:333][  0]LogConfig: Setting CVar [[r.SkyAtmosphere.AerialPerspectiveLUT.SampleCountPerSlice:1]]
[2020.03.18-21.50.50:333][  0]LogConfig: Setting CVar [[r.SkyAtmosphere.AerialPerspectiveLUT.DepthResolution:16.0]]
[2020.03.18-21.50.50:333][  0]LogConfig: Setting CVar [[r.SkyAtmosphere.FastSkyLUT:1]]
[2020.03.18-21.50.50:333][  0]LogConfig: Setting CVar [[r.SkyAtmosphere.FastSkyLUT.SampleCountMin:4.0]]
[2020.03.18-21.50.50:333][  0]LogConfig: Setting CVar [[r.SkyAtmosphere.FastSkyLUT.SampleCountMax:32.0]]
[2020.03.18-21.50.50:333][  0]LogConfig: Setting CVar [[r.SkyAtmosphere.SampleCountMin:4.0]]
[2020.03.18-21.50.50:333][  0]LogConfig: Setting CVar [[r.SkyAtmosphere.SampleCountMax:32.0]]
[2020.03.18-21.50.50:333][  0]LogConfig: Setting CVar [[r.SkyAtmosphere.TransmittanceLUT.UseSmallFormat:0]]
[2020.03.18-21.50.50:333][  0]LogConfig: Setting CVar [[r.SkyAtmosphere.TransmittanceLUT.SampleCount:10.0]]
[2020.03.18-21.50.50:333][  0]LogConfig: Setting CVar [[r.SkyAtmosphere.MultiScatteringLUT.SampleCount:15.0]]
[2020.03.18-21.50.50:333][  0]LogConfig: Applying CVar settings from Section [FoliageQuality@3] File [C:/Users/mique/Documents/GitHub/Practica1_Unreal/Practica1/Saved/Config/Windows/Scalability.ini]
[2020.03.18-21.50.50:333][  0]LogConfig: Setting CVar [[foliage.DensityScale:1.0]]
[2020.03.18-21.50.50:333][  0]LogConfig: Setting CVar [[grass.DensityScale:1.0]]
[2020.03.18-21.50.50:333][  0]LogConfig: Applying CVar settings from Section [ShadingQuality@3] File [C:/Users/mique/Documents/GitHub/Practica1_Unreal/Practica1/Saved/Config/Windows/Scalability.ini]
[2020.03.18-21.50.50:333][  0]LogConfig: Setting CVar [[r.HairStrands.SkyLighting.SampleCount:16]]
[2020.03.18-21.50.50:333][  0]LogConfig: Setting CVar [[r.HairStrands.SkyLighting.JitterIntegration:0]]
[2020.03.18-21.50.50:334][  0]LogConfig: Setting CVar [[r.HairStrands.SkyAO.SampleCount:16]]
[2020.03.18-21.50.50:334][  0]LogInit: Selected Device Profile: [Windows]
[2020.03.18-21.50.50:334][  0]LogInit: Applying CVar settings loaded from the selected device profile: [Windows]
[2020.03.18-21.50.50:399][  0]LogHAL: Display: Platform has ~ 16 GB [17028177920 / 17179869184 / 16], which maps to Larger [LargestMinGB=32, LargerMinGB=12, DefaultMinGB=8, SmallerMinGB=6, SmallestMinGB=0)
[2020.03.18-21.50.50:399][  0]LogInit: Going up to parent DeviceProfile []
[2020.03.18-21.50.50:399][  0]LogConfig: Applying CVar settings from Section [ViewDistanceQuality@3] File [C:/Users/mique/Documents/GitHub/Practica1_Unreal/Practica1/Saved/Config/Windows/Scalability.ini]
[2020.03.18-21.50.50:399][  0]LogConfig: Setting CVar [[r.SkeletalMeshLODBias:0]]
[2020.03.18-21.50.50:399][  0]LogConfig: Setting CVar [[r.ViewDistanceScale:1.0]]
[2020.03.18-21.50.50:399][  0]LogConfig: Applying CVar settings from Section [AntiAliasingQuality@3] File [C:/Users/mique/Documents/GitHub/Practica1_Unreal/Practica1/Saved/Config/Windows/Scalability.ini]
[2020.03.18-21.50.50:399][  0]LogConfig: Setting CVar [[r.PostProcessAAQuality:4]]
[2020.03.18-21.50.50:399][  0]LogConfig: Applying CVar settings from Section [ShadowQuality@3] File [C:/Users/mique/Documents/GitHub/Practica1_Unreal/Practica1/Saved/Config/Windows/Scalability.ini]
[2020.03.18-21.50.50:399][  0]LogConfig: Setting CVar [[r.LightFunctionQuality:1]]
[2020.03.18-21.50.50:399][  0]LogConfig: Setting CVar [[r.ShadowQuality:5]]
[2020.03.18-21.50.50:399][  0]LogConfig: Setting CVar [[r.Shadow.CSM.MaxCascades:10]]
[2020.03.18-21.50.50:399][  0]LogConfig: Setting CVar [[r.Shadow.MaxResolution:2048]]
[2020.03.18-21.50.50:399][  0]LogConfig: Setting CVar [[r.Shadow.MaxCSMResolution:2048]]
[2020.03.18-21.50.50:399][  0]LogConfig: Setting CVar [[r.Shadow.RadiusThreshold:0.01]]
[2020.03.18-21.50.50:399][  0]LogConfig: Setting CVar [[r.Shadow.DistanceScale:1.0]]
[2020.03.18-21.50.50:399][  0]LogConfig: Setting CVar [[r.Shadow.CSM.TransitionScale:1.0]]
[2020.03.18-21.50.50:400][  0]LogConfig: Setting CVar [[r.Shadow.PreShadowResolutionFactor:1.0]]
[2020.03.18-21.50.50:400][  0]LogConfig: Setting CVar [[r.DistanceFieldShadowing:1]]
[2020.03.18-21.50.50:400][  0]LogConfig: Setting CVar [[r.DistanceFieldAO:1]]
[2020.03.18-21.50.50:400][  0]LogConfig: Setting CVar [[r.AOQuality:2]]
[2020.03.18-21.50.50:400][  0]LogConfig: Setting CVar [[r.VolumetricFog:1]]
[2020.03.18-21.50.50:400][  0]LogConfig: Setting CVar [[r.VolumetricFog.GridPixelSize:8]]
[2020.03.18-21.50.50:400][  0]LogConfig: Setting CVar [[r.VolumetricFog.GridSizeZ:128]]
[2020.03.18-21.50.50:400][  0]LogConfig: Setting CVar [[r.VolumetricFog.HistoryMissSupersampleCount:4]]
[2020.03.18-21.50.50:400][  0]LogConfig: Setting CVar [[r.LightMaxDrawDistanceScale:1]]
[2020.03.18-21.50.50:400][  0]LogConfig: Setting CVar [[r.CapsuleShadows:1]]
[2020.03.18-21.50.50:400][  0]LogConfig: Applying CVar settings from Section [PostProcessQuality@3] File [C:/Users/mique/Documents/GitHub/Practica1_Unreal/Practica1/Saved/Config/Windows/Scalability.ini]
[2020.03.18-21.50.50:400][  0]LogConfig: Setting CVar [[r.MotionBlurQuality:4]]
[2020.03.18-21.50.50:400][  0]LogConfig: Setting CVar [[r.AmbientOcclusionMipLevelFactor:0.4]]
[2020.03.18-21.50.50:400][  0]LogConfig: Setting CVar [[r.AmbientOcclusionMaxQuality:100]]
[2020.03.18-21.50.50:400][  0]LogConfig: Setting CVar [[r.AmbientOcclusionLevels:-1]]
[2020.03.18-21.50.50:400][  0]LogConfig: Setting CVar [[r.AmbientOcclusionRadiusScale:1.0]]
[2020.03.18-21.50.50:400][  0]LogConfig: Setting CVar [[r.DepthOfFieldQuality:2]]
[2020.03.18-21.50.50:400][  0]LogConfig: Setting CVar [[r.RenderTargetPoolMin:400]]
[2020.03.18-21.50.50:400][  0]LogConfig: Setting CVar [[r.LensFlareQuality:2]]
[2020.03.18-21.50.50:400][  0]LogConfig: Setting CVar [[r.SceneColorFringeQuality:1]]
[2020.03.18-21.50.50:400][  0]LogConfig: Setting CVar [[r.EyeAdaptationQuality:2]]
[2020.03.18-21.50.50:400][  0]LogConfig: Setting CVar [[r.BloomQuality:5]]
[2020.03.18-21.50.50:400][  0]LogConfig: Setting CVar [[r.FastBlurThreshold:100]]
[2020.03.18-21.50.50:400][  0]LogConfig: Setting CVar [[r.Upscale.Quality:3]]
[2020.03.18-21.50.50:400][  0]LogConfig: Setting CVar [[r.Tonemapper.GrainQuantization:1]]
[2020.03.18-21.50.50:400][  0]LogConfig: Setting CVar [[r.LightShaftQuality:1]]
[2020.03.18-21.50.50:400][  0]LogConfig: Setting CVar [[r.Filter.SizeScale:1]]
[2020.03.18-21.50.50:400][  0]LogConfig: Setting CVar [[r.Tonemapper.Quality:5]]
[2020.03.18-21.50.50:400][  0]LogConfig: Setting CVar [[r.DOF.Gather.AccumulatorQuality:1        ; higher gathering accumulator quality]]
[2020.03.18-21.50.50:400][  0]LogConfig: Setting CVar [[r.DOF.Gather.PostfilterMethod:1          ; Median3x3 postfilering method]]
[2020.03.18-21.50.50:400][  0]LogConfig: Setting CVar [[r.DOF.Gather.EnableBokehSettings:0       ; no bokeh simulation when gathering]]
[2020.03.18-21.50.50:400][  0]LogConfig: Setting CVar [[r.DOF.Gather.RingCount:4                 ; medium number of samples when gathering]]
[2020.03.18-21.50.50:400][  0]LogConfig: Setting CVar [[r.DOF.Scatter.ForegroundCompositing:1    ; additive foreground scattering]]
[2020.03.18-21.50.50:400][  0]LogConfig: Setting CVar [[r.DOF.Scatter.BackgroundCompositing:2    ; additive background scattering]]
[2020.03.18-21.50.50:400][  0]LogConfig: Setting CVar [[r.DOF.Scatter.EnableBokehSettings:1      ; bokeh simulation when scattering]]
[2020.03.18-21.50.50:400][  0]LogConfig: Setting CVar [[r.DOF.Scatter.MaxSpriteRatio:0.1         ; only a maximum of 10% of scattered bokeh]]
[2020.03.18-21.50.50:400][  0]LogConfig: Setting CVar [[r.DOF.Recombine.Quality:1                ; cheap slight out of focus]]
[2020.03.18-21.50.50:400][  0]LogConfig: Setting CVar [[r.DOF.Recombine.EnableBokehSettings:0    ; no bokeh simulation on slight out of focus]]
[2020.03.18-21.50.50:400][  0]LogConfig: Setting CVar [[r.DOF.TemporalAAQuality:1                ; more stable temporal accumulation]]
[2020.03.18-21.50.50:400][  0]LogConfig: Setting CVar [[r.DOF.Kernel.MaxForegroundRadius:0.025]]
[2020.03.18-21.50.50:400][  0]LogConfig: Setting CVar [[r.DOF.Kernel.MaxBackgroundRadius:0.025]]
[2020.03.18-21.50.50:400][  0]LogConfig: Applying CVar settings from Section [TextureQuality@3] File [C:/Users/mique/Documents/GitHub/Practica1_Unreal/Practica1/Saved/Config/Windows/Scalability.ini]
[2020.03.18-21.50.50:400][  0]LogConfig: Setting CVar [[r.Streaming.MipBias:0]]
[2020.03.18-21.50.50:400][  0]LogConfig: Setting CVar [[r.Streaming.AmortizeCPUToGPUCopy:0]]
[2020.03.18-21.50.50:400][  0]LogConfig: Setting CVar [[r.Streaming.MaxNumTexturesToStreamPerFrame:0]]
[2020.03.18-21.50.50:400][  0]LogConfig: Setting CVar [[r.Streaming.Boost:1]]
[2020.03.18-21.50.50:400][  0]LogConfig: Setting CVar [[r.MaxAnisotropy:8]]
[2020.03.18-21.50.50:400][  0]LogConfig: Setting CVar [[r.VT.MaxAnisotropy:8]]
[2020.03.18-21.50.50:400][  0]LogConfig: Setting CVar [[r.Streaming.LimitPoolSizeToVRAM:0]]
[2020.03.18-21.50.50:400][  0]LogConfig: Setting CVar [[r.Streaming.PoolSize:1000]]
[2020.03.18-21.50.50:400][  0]LogConfig: Setting CVar [[r.Streaming.MaxEffectiveScreenSize:0]]
[2020.03.18-21.50.50:400][  0]LogConfig: Applying CVar settings from Section [EffectsQuality@3] File [C:/Users/mique/Documents/GitHub/Practica1_Unreal/Practica1/Saved/Config/Windows/Scalability.ini]
[2020.03.18-21.50.50:400][  0]LogConfig: Setting CVar [[r.TranslucencyLightingVolumeDim:64]]
[2020.03.18-21.50.50:400][  0]LogConfig: Setting CVar [[r.RefractionQuality:2]]
[2020.03.18-21.50.50:400][  0]LogConfig: Setting CVar [[r.SSR.Quality:3]]
[2020.03.18-21.50.50:400][  0]LogConfig: Setting CVar [[r.SSR.HalfResSceneColor:0]]
[2020.03.18-21.50.50:400][  0]LogConfig: Setting CVar [[r.SceneColorFormat:4]]
[2020.03.18-21.50.50:400][  0]LogConfig: Setting CVar [[r.DetailMode:2]]
[2020.03.18-21.50.50:400][  0]LogConfig: Setting CVar [[r.TranslucencyVolumeBlur:1]]
[2020.03.18-21.50.50:400][  0]LogConfig: Setting CVar [[r.MaterialQualityLevel:1 ; High quality]]
[2020.03.18-21.50.50:400][  0]LogConfig: Setting CVar [[r.SSS.Scale:1]]
[2020.03.18-21.50.50:400][  0]LogConfig: Setting CVar [[r.SSS.SampleSet:2]]
[2020.03.18-21.50.50:400][  0]LogConfig: Setting CVar [[r.SSS.Quality:1]]
[2020.03.18-21.50.50:400][  0]LogConfig: Setting CVar [[r.SSS.HalfRes:1]]
[2020.03.18-21.50.50:400][  0]LogConfig: Setting CVar [[r.SSGI.Quality:3]]
[2020.03.18-21.50.50:400][  0]LogConfig: Setting CVar [[r.EmitterSpawnRateScale:1.0]]
[2020.03.18-21.50.50:400][  0]LogConfig: Setting CVar [[r.ParticleLightQuality:2]]
[2020.03.18-21.50.50:400][  0]LogConfig: Setting CVar [[r.SkyAtmosphere.AerialPerspectiveLUT.FastApplyOnOpaque:1 ; Always have FastSkyLUT 1 in this case to avoid wrong sky]]
[2020.03.18-21.50.50:400][  0]LogConfig: Setting CVar [[r.SkyAtmosphere.AerialPerspectiveLUT.SampleCountPerSlice:1]]
[2020.03.18-21.50.50:400][  0]LogConfig: Setting CVar [[r.SkyAtmosphere.AerialPerspectiveLUT.DepthResolution:16.0]]
[2020.03.18-21.50.50:400][  0]LogConfig: Setting CVar [[r.SkyAtmosphere.FastSkyLUT:1]]
[2020.03.18-21.50.50:401][  0]LogConfig: Setting CVar [[r.SkyAtmosphere.FastSkyLUT.SampleCountMin:4.0]]
[2020.03.18-21.50.50:401][  0]LogConfig: Setting CVar [[r.SkyAtmosphere.FastSkyLUT.SampleCountMax:32.0]]
[2020.03.18-21.50.50:401][  0]LogConfig: Setting CVar [[r.SkyAtmosphere.SampleCountMin:4.0]]
[2020.03.18-21.50.50:401][  0]LogConfig: Setting CVar [[r.SkyAtmosphere.SampleCountMax:32.0]]
[2020.03.18-21.50.50:401][  0]LogConfig: Setting CVar [[r.SkyAtmosphere.TransmittanceLUT.UseSmallFormat:0]]
[2020.03.18-21.50.50:401][  0]LogConfig: Setting CVar [[r.SkyAtmosphere.TransmittanceLUT.SampleCount:10.0]]
[2020.03.18-21.50.50:401][  0]LogConfig: Setting CVar [[r.SkyAtmosphere.MultiScatteringLUT.SampleCount:15.0]]
[2020.03.18-21.50.50:401][  0]LogConfig: Applying CVar settings from Section [FoliageQuality@3] File [C:/Users/mique/Documents/GitHub/Practica1_Unreal/Practica1/Saved/Config/Windows/Scalability.ini]
[2020.03.18-21.50.50:401][  0]LogConfig: Setting CVar [[foliage.DensityScale:1.0]]
[2020.03.18-21.50.50:401][  0]LogConfig: Setting CVar [[grass.DensityScale:1.0]]
[2020.03.18-21.50.50:401][  0]LogConfig: Applying CVar settings from Section [ShadingQuality@3] File [C:/Users/mique/Documents/GitHub/Practica1_Unreal/Practica1/Saved/Config/Windows/Scalability.ini]
[2020.03.18-21.50.50:401][  0]LogConfig: Setting CVar [[r.HairStrands.SkyLighting.SampleCount:16]]
[2020.03.18-21.50.50:401][  0]LogConfig: Setting CVar [[r.HairStrands.SkyLighting.JitterIntegration:0]]
[2020.03.18-21.50.50:401][  0]LogConfig: Setting CVar [[r.HairStrands.SkyAO.SampleCount:16]]
[2020.03.18-21.50.50:401][  0]LogConfig: Applying CVar settings from Section [Startup] File [../../../Engine/Config/ConsoleVariables.ini]
[2020.03.18-21.50.50:444][  0]LogConfig: Setting CVar [[net.UseAdaptiveNetUpdateFrequency:0]]
[2020.03.18-21.50.50:444][  0]LogConfig: Setting CVar [[p.chaos.AllowCreatePhysxBodies:1]]
[2020.03.18-21.50.50:444][  0]LogConfig: Applying CVar settings from Section [ConsoleVariables] File [C:/Users/mique/Documents/GitHub/Practica1_Unreal/Practica1/Saved/Config/Windows/Engine.ini]
[2020.03.18-21.50.50:464][  0]LogInit: Computer: LAPTOP-BOSOHAQT
[2020.03.18-21.50.50:464][  0]LogInit: User: mique
[2020.03.18-21.50.50:464][  0]LogInit: CPU Page size=4096, Cores=6
[2020.03.18-21.50.50:464][  0]LogInit: High frequency timer resolution =10.000000 MHz
[2020.03.18-21.50.50:464][  0]LogMemory: Memory total: Physical=15.9GB (16GB approx)
[2020.03.18-21.50.50:464][  0]LogMemory: Platform Memory Stats for Windows
[2020.03.18-21.50.50:464][  0]LogMemory: Process Physical Memory: 109.85 MB used, 109.85 MB peak
[2020.03.18-21.50.50:464][  0]LogMemory: Process Virtual Memory: 101.66 MB used, 101.66 MB peak
[2020.03.18-21.50.50:464][  0]LogMemory: Physical Memory: 6046.38 MB used,  10192.96 MB free, 16239.34 MB total
[2020.03.18-21.50.50:464][  0]LogMemory: Virtual Memory: 5159.80 MB used,  134212568.00 MB free, 134217728.00 MB total
[2020.03.18-21.50.50:479][  0]LogWindows: WindowsPlatformFeatures enabled
[2020.03.18-21.50.51:591][  0]LogInit: Overriding language with editor language configuration option (en).
[2020.03.18-21.50.51:591][  0]LogInit: Overriding locale with editor culture configuration option ().
[2020.03.18-21.50.51:591][  0]LogInit: Using OS detected locale (es-ES).
[2020.03.18-21.50.52:434][  0]LogInit: Setting process to per monitor DPI aware
[2020.03.18-21.50.53:049][  0]LogSlate: New Slate User Created.  User Index 0, Is Virtual User: 0
[2020.03.18-21.50.53:049][  0]LogSlate: Slate User Registered.  User Index 0, Is Virtual User: 0
[2020.03.18-21.50.58:241][  0]LogHMD: Failed to initialize OpenVR with code 110
[2020.03.18-21.50.58:241][  0]LogD3D11RHI: D3D11 min allowed feature level: 11_0
[2020.03.18-21.50.58:241][  0]LogD3D11RHI: D3D11 max allowed feature level: 11_0
[2020.03.18-21.50.58:241][  0]LogD3D11RHI: D3D11 adapters:
[2020.03.18-21.50.58:375][  0]LogD3D11RHI:    0. 'NVIDIA GeForce GTX 1050' (Feature Level 11_0)
[2020.03.18-21.50.58:375][  0]LogD3D11RHI:       4021/0/8119 MB DedicatedVideo/DedicatedSystem/SharedSystem, Outputs:1, VendorId:0x10de
[2020.03.18-21.50.58:403][  0]LogD3D11RHI:    1. 'Intel(R) UHD Graphics 630' (Feature Level 11_0)
[2020.03.18-21.50.58:403][  0]LogD3D11RHI:       128/0/8119 MB DedicatedVideo/DedicatedSystem/SharedSystem, Outputs:0, VendorId:0x8086
[2020.03.18-21.50.58:412][  0]LogD3D11RHI:    2. 'Microsoft Basic Render Driver' (Feature Level 11_0)
[2020.03.18-21.50.58:412][  0]LogD3D11RHI:       0/0/8119 MB DedicatedVideo/DedicatedSystem/SharedSystem, Outputs:0, VendorId:0x1414
[2020.03.18-21.50.58:412][  0]LogD3D11RHI: Chosen D3D11 Adapter: 0
[2020.03.18-21.50.58:473][  0]LogD3D11RHI: Creating new Direct3DDevice
[2020.03.18-21.50.58:474][  0]LogD3D11RHI:     GPU DeviceId: 0x1c8d (for the marketing name, search the web for "GPU Device Id")
[2020.03.18-21.50.58:474][  0]LogWindows: EnumDisplayDevices:
[2020.03.18-21.50.58:474][  0]LogWindows:    0. 'Intel(R) UHD Graphics 630' (P:1 D:1)
[2020.03.18-21.50.58:474][  0]LogWindows:    1. 'Intel(R) UHD Graphics 630' (P:0 D:0)
[2020.03.18-21.50.58:474][  0]LogWindows:    2. 'Intel(R) UHD Graphics 630' (P:0 D:0)
[2020.03.18-21.50.58:475][  0]LogWindows: DebugString: PrimaryIsNotTheChoosenAdapter PrimaryIsNotTheChoosenAdapter PrimaryIsNotTheChoosenAdapter FoundDriverCount:0 
[2020.03.18-21.50.58:475][  0]LogD3D11RHI:     Adapter Name: NVIDIA GeForce GTX 1050
[2020.03.18-21.50.58:475][  0]LogD3D11RHI:   Driver Version: Unknown (internal:Unknown, unified:Unknown)
[2020.03.18-21.50.58:475][  0]LogD3D11RHI:      Driver Date: Unknown
[2020.03.18-21.50.58:475][  0]LogRHI: Texture pool is 2814 MB (70% of 4021 MB)
[2020.03.18-21.50.58:532][  0]LogD3D11RHI: RHI has support for 64 bit atomics
[2020.03.18-21.50.58:532][  0]LogD3D11RHI: Async texture creation enabled
[2020.03.18-21.50.58:720][  0]LogD3D11RHI: GPU Timing Frequency: 1000.000000 (Debug: 2 1)
[2020.03.18-21.51.00:009][  0]LogTargetPlatformManager: Display: Loaded TargetPlatform 'AllDesktop'
[2020.03.18-21.51.00:131][  0]LogTargetPlatformManager: Display: Loaded TargetPlatform 'Android'
[2020.03.18-21.51.00:131][  0]LogTargetPlatformManager: Display: Loaded TargetPlatform 'Android_ASTC'
[2020.03.18-21.51.00:131][  0]LogTargetPlatformManager: Display: Loaded TargetPlatform 'Android_ATC'
[2020.03.18-21.51.00:132][  0]LogTargetPlatformManager: Display: Loaded TargetPlatform 'Android_DXT'
[2020.03.18-21.51.00:132][  0]LogTargetPlatformManager: Display: Loaded TargetPlatform 'Android_ETC1'
[2020.03.18-21.51.00:132][  0]LogTargetPlatformManager: Display: Loaded TargetPlatform 'Android_ETC1a'
[2020.03.18-21.51.00:132][  0]LogTargetPlatformManager: Display: Loaded TargetPlatform 'Android_ETC2'
[2020.03.18-21.51.00:132][  0]LogTargetPlatformManager: Display: Loaded TargetPlatform 'Android_PVRTC'
[2020.03.18-21.51.00:132][  0]LogTargetPlatformManager: Display: Loaded TargetPlatform 'AndroidClient'
[2020.03.18-21.51.00:132][  0]LogTargetPlatformManager: Display: Loaded TargetPlatform 'Android_ASTCClient'
[2020.03.18-21.51.00:132][  0]LogTargetPlatformManager: Display: Loaded TargetPlatform 'Android_ATCClient'
[2020.03.18-21.51.00:132][  0]LogTargetPlatformManager: Display: Loaded TargetPlatform 'Android_DXTClient'
[2020.03.18-21.51.00:132][  0]LogTargetPlatformManager: Display: Loaded TargetPlatform 'Android_ETC1Client'
[2020.03.18-21.51.00:132][  0]LogTargetPlatformManager: Display: Loaded TargetPlatform 'Android_ETC1aClient'
[2020.03.18-21.51.00:132][  0]LogTargetPlatformManager: Display: Loaded TargetPlatform 'Android_ETC2Client'
[2020.03.18-21.51.00:132][  0]LogTargetPlatformManager: Display: Loaded TargetPlatform 'Android_PVRTCClient'
[2020.03.18-21.51.00:132][  0]LogTargetPlatformManager: Display: Loaded TargetPlatform 'Android_Multi'
[2020.03.18-21.51.00:132][  0]LogTargetPlatformManager: Display: Loaded TargetPlatform 'Android_MultiClient'
[2020.03.18-21.51.00:249][  0]LogTargetPlatformManager: Display: Loaded TargetPlatform 'IOSClient'
[2020.03.18-21.51.00:249][  0]LogTargetPlatformManager: Display: Loaded TargetPlatform 'IOS'
[2020.03.18-21.51.00:294][  0]LogTargetPlatformManager: Display: Loaded TargetPlatform 'LinuxNoEditor'
[2020.03.18-21.51.00:332][  0]LogTargetPlatformManager: Display: Loaded TargetPlatform 'LinuxClient'
[2020.03.18-21.51.00:362][  0]LogTargetPlatformManager: Display: Loaded TargetPlatform 'LinuxServer'
[2020.03.18-21.51.00:396][  0]LogTargetPlatformManager: Display: Loaded TargetPlatform 'LinuxAArch64NoEditor'
[2020.03.18-21.51.00:436][  0]LogTargetPlatformManager: Display: Loaded TargetPlatform 'LinuxAArch64Client'
[2020.03.18-21.51.00:466][  0]LogTargetPlatformManager: Display: Loaded TargetPlatform 'LinuxAArch64Server'
[2020.03.18-21.51.00:526][  0]LogTargetPlatformManager: Display: Loaded TargetPlatform 'Lumin'
[2020.03.18-21.51.00:526][  0]LogTargetPlatformManager: Display: Loaded TargetPlatform 'LuminClient'
[2020.03.18-21.51.00:573][  0]LogTargetPlatformManager: Display: Loaded TargetPlatform 'TVOSClient'
[2020.03.18-21.51.00:573][  0]LogTargetPlatformManager: Display: Loaded TargetPlatform 'TVOS'
[2020.03.18-21.51.00:623][  0]LogTargetPlatformManager: Display: Loaded TargetPlatform 'WindowsNoEditor'
[2020.03.18-21.51.00:655][  0]LogTargetPlatformManager: Display: Loaded TargetPlatform 'Windows'
[2020.03.18-21.51.00:684][  0]LogTargetPlatformManager: Display: Loaded TargetPlatform 'WindowsClient'
[2020.03.18-21.51.00:715][  0]LogTargetPlatformManager: Display: Loaded TargetPlatform 'WindowsServer'
[2020.03.18-21.51.00:715][  0]LogTargetPlatformManager: Display: Building Assets For Windows
[2020.03.18-21.51.00:948][  0]LogAudioDebug: Display: Lib vorbis DLL was dynamically loaded.
[2020.03.18-21.51.01:914][  0]LogShaderCompilers: Guid format shader working directory is -13 characters bigger than the processId version (C:/Users/mique/Documents/GitHub/Practica1_Unreal/Practica1/Intermediate/Shaders/WorkingDirectory/11056/).
[2020.03.18-21.51.01:915][  0]LogShaderCompilers: Cleaned the shader compiler working directory 'C:/Users/mique/AppData/Local/Temp/UnrealShaderWorkingDir/22EDF5FC4CC659AA0F859DBF1FC3FB3A/'.
[2020.03.18-21.51.01:940][  0]LogXGEController: Cleaning working directory: C:/Users/mique/AppData/Local/Temp/UnrealXGEWorkingDir/
[2020.03.18-21.51.01:941][  0]LogXGEController: Cannot use XGE Controller as Incredibuild is not installed on this machine.
[2020.03.18-21.51.01:941][  0]LogShaderCompilers: Cannot use XGE Shader Compiler as Incredibuild is not installed on this machine.
[2020.03.18-21.51.01:941][  0]LogShaderCompilers: Display: Using Local Shader Compiler.
[2020.03.18-21.51.07:139][  0]LogDerivedDataCache: Display: Max Cache Size: 512 MB
[2020.03.18-21.51.07:383][  0]LogDerivedDataCache: Loaded boot cache 0.24s 78MB C:/Users/mique/AppData/Local/UnrealEngine/4.24/DerivedDataCache/Boot.ddc.
[2020.03.18-21.51.07:383][  0]LogDerivedDataCache: Display: Loaded Boot cache: C:/Users/mique/AppData/Local/UnrealEngine/4.24/DerivedDataCache/Boot.ddc
[2020.03.18-21.51.07:383][  0]LogDerivedDataCache: FDerivedDataBackendGraph:  Pak pak cache file C:/Users/mique/Documents/GitHub/Practica1_Unreal/Practica1/DerivedDataCache/DDC.ddp not found, will not use a pak cache.
[2020.03.18-21.51.07:383][  0]LogDerivedDataCache: Unable to find inner node Pak for hierarchical cache Hierarchy.
[2020.03.18-21.51.07:383][  0]LogDerivedDataCache: FDerivedDataBackendGraph:  CompressedPak pak cache file C:/Users/mique/Documents/GitHub/Practica1_Unreal/Practica1/DerivedDataCache/Compressed.ddp not found, will not use a pak cache.
[2020.03.18-21.51.07:383][  0]LogDerivedDataCache: Unable to find inner node CompressedPak for hierarchical cache Hierarchy.
[2020.03.18-21.51.07:467][  0]LogDerivedDataCache: Display: Pak cache opened for reading ../../../Engine/DerivedDataCache/Compressed.ddp.
[2020.03.18-21.51.07:468][  0]LogDerivedDataCache: FDerivedDataBackendGraph:  EnterprisePak pak cache file ../../../Enterprise/DerivedDataCache/Compressed.ddp not found, will not use a pak cache.
[2020.03.18-21.51.07:468][  0]LogDerivedDataCache: Unable to find inner node EnterprisePak for hierarchical cache Hierarchy.
[2020.03.18-21.51.07:474][  0]LogDerivedDataCache: Using Local data cache path C:/Users/mique/AppData/Local/UnrealEngine/Common/DerivedDataCache: Writable
[2020.03.18-21.51.07:475][  0]LogDerivedDataCache: Shared data cache path not found in *engine.ini, will not use an Shared cache.
[2020.03.18-21.51.07:475][  0]LogDerivedDataCache: Unable to find inner node Shared for hierarchical cache Hierarchy.
[2020.03.18-21.51.07:552][  0]LogMaterial: Verifying Global Shaders for PCD3D_SM5
[2020.03.18-21.51.07:620][  0]LogSlate: Using FreeType 2.10.0
[2020.03.18-21.51.07:741][  0]LogSlate: SlateFontServices - WITH_FREETYPE: 1, WITH_HARFBUZZ: 1
[2020.03.18-21.51.08:717][  0]LogAssetRegistry: FAssetRegistry took 0.0112 seconds to start up
[2020.03.18-21.51.11:367][  0]LogInit: Selected Device Profile: [Windows]
[2020.03.18-21.51.12:979][  0]LogMeshReduction: Using QuadricMeshReduction for automatic static mesh reduction
[2020.03.18-21.51.12:979][  0]LogMeshReduction: Using SimplygonMeshReduction for automatic skeletal mesh reduction
[2020.03.18-21.51.12:979][  0]LogMeshReduction: Using ProxyLODMeshReduction for automatic mesh merging
[2020.03.18-21.51.12:979][  0]LogMeshReduction: No distributed automatic mesh merging module available
[2020.03.18-21.51.12:979][  0]LogMeshMerging: No distributed automatic mesh merging module available
[2020.03.18-21.51.13:247][  0]LogNetVersion: Practica1 1.0.0, NetCL: 10570792, EngineNetVer: 13, GameNetVer: 0 (Checksum: 1953194674)
[2020.03.18-21.51.22:844][  0]LogPackageLocalizationCache: Processed 10 localized package path(s) for 1 prioritized culture(s) in 0.103816 seconds
[2020.03.18-21.51.22:875][  0]LogUObjectArray: 46750 objects as part of root set at end of initial load.
[2020.03.18-21.51.22:875][  0]LogUObjectAllocator: 8137160 out of 0 bytes used by permanent object pool.
[2020.03.18-21.51.22:875][  0]LogUObjectArray: CloseDisregardForGC: 0/0 objects in disregard for GC pool
[2020.03.18-21.51.28:615][  0]LogTcpMessaging: Initializing TcpMessaging bridge
[2020.03.18-21.51.28:681][  0]LogUdpMessaging: Initializing bridge on interface 0.0.0.0:0 to multicast group 230.0.0.1:6666.
[2020.03.18-21.51.29:648][  0]SourceControl: Source control is disabled
[2020.03.18-21.51.29:656][  0]SourceControl: Source control is disabled
[2020.03.18-21.51.29:820][  0]SourceControl: Source control is disabled
[2020.03.18-21.51.29:915][  0]SourceControl: Source control is disabled
[2020.03.18-21.51.29:966][  0]SourceControl: Source control is disabled
[2020.03.18-21.51.32:015][  0]LogAndroidPermission: UAndroidPermissionCallbackProxy::GetInstance
[2020.03.18-21.51.32:270][  0]LogAudioCaptureCore: Display: No Audio Capture implementations found. Audio input will be silent.
[2020.03.18-21.51.32:270][  0]LogAudioCaptureCore: Display: No Audio Capture implementations found. Audio input will be silent.
[2020.03.18-21.51.32:960][  0]LogOcInput: OculusInput pre-init called
[2020.03.18-21.51.33:076][  0]LogWindows: Failed to load 'OVRPlugin.dll' (GetLastError=126)
[2020.03.18-21.51.33:076][  0]LogWindows: File 'OVRPlugin.dll' does not exist
[2020.03.18-21.51.34:041][  0]LogEngine: Initializing Engine...
[2020.03.18-21.51.34:053][  0]LogHMD: Failed to initialize OpenVR with code 110
[2020.03.18-21.51.34:112][  0]LogStats: UGameplayTagsManager::InitializeManager -  0.023 s
[2020.03.18-21.51.35:290][  0]LogInit: Initializing FReadOnlyCVARCache
[2020.03.18-21.51.35:732][  0]LogAIModule: Creating AISystem for world Untitled
[2020.03.18-21.51.35:885][  0]LogAudioMixer: Display: Audio Mixer Platform Settings:
[2020.03.18-21.51.35:885][  0]LogAudioMixer: Display: 	Sample Rate:						  48000
[2020.03.18-21.51.35:885][  0]LogAudioMixer: Display: 	Callback Buffer Frame Size Requested: 1024
[2020.03.18-21.51.35:885][  0]LogAudioMixer: Display: 	Callback Buffer Frame Size To Use:	  1024
[2020.03.18-21.51.35:885][  0]LogAudioMixer: Display: 	Number of buffers to queue:			  2
[2020.03.18-21.51.35:885][  0]LogAudioMixer: Display: 	Max Channels (voices):				  32
[2020.03.18-21.51.35:885][  0]LogAudioMixer: Display: 	Number of Async Source Workers:		  0
[2020.03.18-21.51.35:885][  0]LogAudio: Display: AudioDevice MaxSources: 32
[2020.03.18-21.51.35:898][  0]LogAudio: Display: Using built-in audio occlusion.
[2020.03.18-21.51.35:898][  0]LogAudioMixer: Display: Initializing audio mixer.
[2020.03.18-21.51.35:919][  0]LogAudioMixer: Display: Audio Device Output Speaker Info:
[2020.03.18-21.51.35:919][  0]LogAudioMixer: Display: Name: Speakers (Realtek High Definition Audio)
[2020.03.18-21.51.35:919][  0]LogAudioMixer: Display: Is Default: Yes
[2020.03.18-21.51.35:919][  0]LogAudioMixer: Display: Sample Rate: 48000
[2020.03.18-21.51.35:919][  0]LogAudioMixer: Display: Channel Count Used: 2
[2020.03.18-21.51.35:919][  0]LogAudioMixer: Display: Device Channel Count: 2
[2020.03.18-21.51.35:919][  0]LogAudioMixer: Display: Channel Order:
[2020.03.18-21.51.35:919][  0]LogAudioMixer: Display: 0: FrontLeft
[2020.03.18-21.51.35:919][  0]LogAudioMixer: Display: 1: FrontRight
[2020.03.18-21.51.35:955][  0]LogAudioMixer: Display: Using Audio Device Speakers (Realtek High Definition Audio)
[2020.03.18-21.51.35:981][  0]LogInit: FAudioDevice initialized.
[2020.03.18-21.51.35:981][  0]LogNetVersion: Set ProjectVersion to 1.0.0.0. Version Checksum will be recalculated on next use.
[2020.03.18-21.51.36:081][  0]LogDerivedDataCache: Saved boot cache 0.10s 78MB C:/Users/mique/AppData/Local/UnrealEngine/4.24/DerivedDataCache/Boot.ddc.
[2020.03.18-21.51.36:089][  0]LogInit: Texture streaming: Enabled
[2020.03.18-21.51.36:320][  0]LogEngineSessionManager: EngineSessionManager initialized
[2020.03.18-21.51.36:320][  0]LogEditorSessionSummary: Verbose: Initializing EditorSessionSummaryWriter for editor session tracking
[2020.03.18-21.51.36:322][  0]LogEditorSessionSummary: EditorSessionSummaryWriter initialized
[2020.03.18-21.51.36:641][  0]LogInit: Transaction tracking system initialized
[2020.03.18-21.51.37:064][  0]BlueprintLog: New page: Editor Load
[2020.03.18-21.51.38:490][  0]LocalizationService: Localization service is disabled
[2020.03.18-21.51.41:790][  0]LogFileCache: Scanning file cache for directory 'C:/Users/mique/Documents/GitHub/Practica1_Unreal/Practica1/Content/' took 0.02s
[2020.03.18-21.51.41:790][  0]LogCook: Display: Max memory allowance for cook 16384mb min free memory 0mb
[2020.03.18-21.51.41:790][  0]LogCook: Display: Mobile HDR setting 1
[2020.03.18-21.51.46:074][  0]SourceControl: Source control is disabled
[2020.03.18-21.51.46:102][  0]Cmd: MAP LOAD FILE="C:/Users/mique/Documents/GitHub/Practica1_Unreal/Practica1/Content/Maps/MainLevel.umap" TEMPLATE=0 SHOWPROGRESS=1 FEATURELEVEL=3
[2020.03.18-21.51.46:127][  0]LightingResults: New page: Lighting Build
[2020.03.18-21.51.46:201][  0]LogWorld: UWorld::CleanupWorld for Untitled, bSessionEnded=true, bCleanupResources=true
[2020.03.18-21.51.46:207][  0]LogSlate: InvalidateAllWidgets triggered.  All widgets were invalidated
[2020.03.18-21.51.46:223][  0]MapCheck: New page: Map Check
[2020.03.18-21.51.46:223][  0]LightingResults: New page: Lighting Build
[2020.03.18-21.51.46:440][  0]LogUObjectHash: Compacting FUObjectHashTables data took   1.62ms
[2020.03.18-21.51.47:448][  0]LogBlueprint: Warning: [Compiler AnimationBlueprintIA] Stand_To_Prone to Prone_Fire_1  will never be taken, please connect something to  Can Enter Transition
[2020.03.18-21.51.47:448][  0]LogBlueprint: Warning: [Compiler AnimationBlueprintIA] Walk to Stand_To_Prone  will never be taken, please connect something to  Can Enter Transition
[2020.03.18-21.51.48:046][  0]LogLinker: Warning: While loading 'C:/Users/mique/Documents/GitHub/Practica1_Unreal/Practica1/Content/Blueprints/ThirdPersonBP/ThirdPersonCharacter.uasset' failed to load '/Game/Mannequin/Animations/ThirdPerson_AnimBP': Can't find file.
[2020.03.18-21.51.48:046][  0]LogLinker: Warning: While loading 'C:/Users/mique/Documents/GitHub/Practica1_Unreal/Practica1/Content/Blueprints/ThirdPersonBP/ThirdPersonCharacter.uasset' failed to load '/Game/Mannequin/Animations/ThirdPerson_AnimBP': Can't find file.
[2020.03.18-21.51.48:047][  0]LogLinker: Warning: While loading 'C:/Users/mique/Documents/GitHub/Practica1_Unreal/Practica1/Content/Blueprints/ThirdPersonBP/ThirdPersonCharacter.uasset' failed to load '/Game/Mannequin/Animations/ThirdPerson_AnimBP': Can't find file.
[2020.03.18-21.51.48:047][  0]LogLinker: Warning: While loading 'C:/Users/mique/Documents/GitHub/Practica1_Unreal/Practica1/Content/Blueprints/ThirdPersonBP/ThirdPersonCharacter.uasset' failed to load '/Game/Mannequin/Animations/ThirdPerson_AnimBP': Can't find file.
[2020.03.18-21.51.48:049][  0]LogLinker: Warning: While loading 'C:/Users/mique/Documents/GitHub/Practica1_Unreal/Practica1/Content/Blueprints/Scenario/ConfusionZone_Blueprint.uasset' failed to load '/Game/Mannequin/Animations/ThirdPerson_AnimBP': Can't find file.
[2020.03.18-21.51.48:049][  0]LogLinker: Warning: While loading 'C:/Users/mique/Documents/GitHub/Practica1_Unreal/Practica1/Content/Blueprints/Scenario/ConfusionZone_Blueprint.uasset' failed to load '/Game/Mannequin/Animations/ThirdPerson_AnimBP': Can't find file.
[2020.03.18-21.51.48:050][  0]LogLinker: Warning: While loading 'C:/Users/mique/Documents/GitHub/Practica1_Unreal/Practica1/Content/Blueprints/Scenario/ConfusionZone_Blueprint.uasset' failed to load '/Game/Mannequin/Animations/ThirdPerson_AnimBP': Can't find file.
[2020.03.18-21.51.48:050][  0]LogLinker: Warning: While loading 'C:/Users/mique/Documents/GitHub/Practica1_Unreal/Practica1/Content/Blueprints/Scenario/ConfusionZone_Blueprint.uasset' failed to load '/Game/Mannequin/Animations/ThirdPerson_AnimBP': Can't find file.
[2020.03.18-21.51.48:050][  0]LogLinker: Warning: While loading 'C:/Users/mique/Documents/GitHub/Practica1_Unreal/Practica1/Content/Blueprints/Scenario/ConfusionZone_Blueprint.uasset' failed to load '/Game/Mannequin/Animations/ThirdPerson_AnimBP': Can't find file.
[2020.03.18-21.51.48:050][  0]LoadErrors: Failed to load /Game/Mannequin/Animations/ThirdPerson_AnimBP.ThirdPerson_AnimBP_C Referenced by CharacterMesh0
[2020.03.18-21.51.48:050][  0]LogLinker: Warning: While loading 'C:/Users/mique/Documents/GitHub/Practica1_Unreal/Practica1/Content/Blueprints/Scenario/ConfusionZone_Blueprint.uasset' failed to load '/Game/Mannequin/Animations/ThirdPerson_AnimBP': Can't find file.
[2020.03.18-21.51.48:050][  0]LoadErrors: Failed to load /Game/Mannequin/Animations/ThirdPerson_AnimBP.ThirdPerson_AnimBP_C Referenced by CharacterMesh0
[2020.03.18-21.51.52:889][  0]LogAIModule: Creating AISystem for world MainLevel
[2020.03.18-21.51.53:684][  0]LogEditorServer: Finished looking for orphan Actors (0.001 secs)
[2020.03.18-21.51.53:707][  0]LogNavigation: Error: Navmesh bounds are too large! Limiting requested tiles count (4696608) to: (1048576)
[2020.03.18-21.51.53:845][  0]LogUObjectHash: Compacting FUObjectHashTables data took   6.26ms
[2020.03.18-21.51.53:846][  0]Cmd: MAP CHECKDEP NOCLEARLOG
[2020.03.18-21.51.53:847][  0]MapCheck: Map check complete: 0 Error(s), 0 Warning(s), took 1,261ms to complete.
[2020.03.18-21.51.53:847][  0]LogFileHelpers: Loading map 'MainLevel' took 7.760
[2020.03.18-21.51.55:151][  0]LogSlate: Updating window title bar state: overlay mode, drag disabled, window buttons hidden, title bar hidden
[2020.03.18-21.51.55:163][  0]LogSlate: Updating window title bar state: overlay mode, drag disabled, window buttons hidden, title bar hidden
[2020.03.18-21.51.55:173][  0]LogSlate: Updating window title bar state: overlay mode, drag disabled, window buttons hidden, title bar hidden
[2020.03.18-21.51.55:183][  0]LogSlate: Updating window title bar state: overlay mode, drag disabled, window buttons hidden, title bar hidden
[2020.03.18-21.51.55:330][  0]LogCollectionManager: Loaded 0 collections in 0.000913 seconds
[2020.03.18-21.51.55:457][  0]LogFileCache: Scanning file cache for directory 'C:/Users/mique/Documents/GitHub/Practica1_Unreal/Practica1/Saved/Collections/' took 0.00s
[2020.03.18-21.51.55:457][  0]LogFileCache: Scanning file cache for directory 'C:/Users/mique/Documents/GitHub/Practica1_Unreal/Practica1/Content/Developers/mique/Collections/' took 0.00s
[2020.03.18-21.51.55:457][  0]LogFileCache: Scanning file cache for directory 'C:/Users/mique/Documents/GitHub/Practica1_Unreal/Practica1/Content/Collections/' took 0.00s
[2020.03.18-21.51.55:457][  0]LogContentBrowser: Native class hierarchy populated in 0.0122 seconds. Added 3015 classes and 717 folders.
[2020.03.18-21.51.55:547][  0]LogContentBrowser: Native class hierarchy updated for 'WidgetCarousel' in 0.0002 seconds. Added 0 classes and 0 folders.
[2020.03.18-21.51.56:866][  0]LogContentBrowser: Native class hierarchy updated for 'AddContentDialog' in 0.0003 seconds. Added 0 classes and 0 folders.
[2020.03.18-21.51.56:956][  0]LogContentBrowser: Native class hierarchy updated for 'SceneOutliner' in 0.0004 seconds. Added 2 classes and 3 folders.
[2020.03.18-21.51.58:084][  0]LogSlate: Took 0.034583 seconds to synchronously load lazily loaded font '../../../Engine/Content/Slate/Fonts/Roboto-Regular.ttf' (155K)
[2020.03.18-21.51.58:112][  0]LogSlate: Took 0.024740 seconds to synchronously load lazily loaded font '../../../Engine/Content/Slate/Fonts/Roboto-Bold.ttf' (160K)
[2020.03.18-21.51.58:157][  0]LogSlate: Took 0.028578 seconds to synchronously load lazily loaded font '../../../Engine/Content/Editor/Slate/Fonts/FontAwesome.ttf' (139K)
[2020.03.18-21.51.58:639][  0]LogRenderer: Reallocating scene render targets to support 868x432 Format 10 NumSamples 1 (Frame:1).
[2020.03.18-21.51.59:084][  0]LogContentBrowser: Native class hierarchy updated for 'HierarchicalLODOutliner' in 0.0011 seconds. Added 0 classes and 0 folders.
[2020.03.18-21.51.59:084][  0]LogLoad: (Engine Initialization) Total time: 86.88 seconds
[2020.03.18-21.51.59:084][  0]LogLoad: (Engine Initialization) Total Blueprint compile time: 0.00 seconds
[2020.03.18-21.51.59:263][  0]LogContentStreaming: Texture pool size now 1000 MB
[2020.03.18-21.51.59:448][  0]LogSlate: Took 0.026664 seconds to synchronously load lazily loaded font '../../../Engine/Content/Slate/Fonts/Roboto-Light.ttf' (167K)
[2020.03.18-21.51.59:529][  1]LogFileCache: Retrieving MD5 hashes for directory 'C:/Users/mique/Documents/GitHub/Practica1_Unreal/Practica1/Content/' took 0.41s
[2020.03.18-21.52.02:019][ 33]LogAssetRegistry: Asset discovery search completed in 53.3049 seconds
[2020.03.18-21.52.02:041][ 33]LogCollectionManager: Fixed up redirectors for 0 collections in 0.000057 seconds (updated 0 objects)
[2020.03.18-21.52.10:215][ 94]LogSlate: Window 'Message Log' being destroyed
[2020.03.18-21.52.10:225][ 94]LogSlate: Window 'Message Log' being destroyed
[2020.03.18-21.52.29:370][561]LogSlate: Took 0.000223 seconds to synchronously load lazily loaded font '../../../Engine/Content/Slate/Fonts/Roboto-Light.ttf' (167K)
[2020.03.18-21.52.29:386][561]LogAssetEditorSubsystem: Opening Asset editor for Blueprint /Game/Blueprints/Save/SaveGameClass.SaveGameClass
[2020.03.18-21.52.29:923][561]LogContentBrowser: Native class hierarchy updated for 'BlueprintGraph' in 0.0005 seconds. Added 121 classes and 0 folders.
[2020.03.18-21.52.31:219][561]LogSlate: Took 0.018871 seconds to synchronously load lazily loaded font '../../../Engine/Content/Slate/Fonts/Roboto-BoldCondensed.ttf' (158K)
[2020.03.18-21.52.59:255][799]LogAssetEditorSubsystem: Opening Asset editor for LevelScriptBlueprint /Game/Maps/MainLevel.MainLevel:PersistentLevel.MainLevel
[2020.03.18-21.53.04:708][918]LogSlate: Window 'MainLevel' being destroyed
[2020.03.18-21.53.04:715][918]LogSlate: Window 'MainLevel' being destroyed
[2020.03.18-21.53.04:743][918]LogWorld: UWorld::CleanupWorld for World_0, bSessionEnded=true, bCleanupResources=true
[2020.03.18-21.53.04:743][918]LogSlate: InvalidateAllWidgets triggered.  All widgets were invalidated
[2020.03.18-21.53.04:812][918]LogWorld: UWorld::CleanupWorld for World_15, bSessionEnded=true, bCleanupResources=true
[2020.03.18-21.53.04:812][918]LogSlate: InvalidateAllWidgets triggered.  All widgets were invalidated
[2020.03.18-21.53.08:606][  6]LogAssetEditorSubsystem: Opening Asset editor for Blueprint /Game/Blueprints/Save/SaveGameClass.SaveGameClass
[2020.03.18-21.53.53:596][840]LogAssetEditorSubsystem: Opening Asset editor for Blueprint /Game/Blueprints/Save/ILoadSave.ILoadSave
[2020.03.18-21.54.24:789][556]LogUObjectHash: Compacting FUObjectHashTables data took   4.38ms
[2020.03.18-21.54.26:463][556]LogSlate: Window 'Save Content' being destroyed
[2020.03.18-21.54.26:520][556]Cmd: OBJ SAVEPACKAGE PACKAGE="/Game/Blueprints/Save/ILoadSave" FILE="C:/Users/mique/Documents/GitHub/Practica1_Unreal/Practica1/Content/Blueprints/Save/ILoadSave.uasset" SILENT=true
[2020.03.18-21.54.26:635][556]LogSavePackage: Moving 'C:/Users/mique/Documents/GitHub/Practica1_Unreal/Practica1/Saved/ILoadSaveF86EAE7D4939CE4BF990849250594BBE.tmp' to 'C:/Users/mique/Documents/GitHub/Practica1_Unreal/Practica1/Content/Blueprints/Save/ILoadSave.uasset'
[2020.03.18-21.54.26:663][556]AssetCheck: New page: Asset Save: ILoadSave
[2020.03.18-21.54.26:663][556]LogContentValidation: Display: Validating Blueprint /Game/Blueprints/Save/ILoadSave.ILoadSave
[2020.03.18-21.54.45:927][994]LogAssetEditorSubsystem: Opening Asset editor for Blueprint /Game/Blueprints/GameData_Interface.GameData_Interface
[2020.03.18-21.54.48:555][ 42]LogSlate: Window 'GameData_Interface' being destroyed
[2020.03.18-21.54.48:564][ 42]LogSlate: Window 'GameData_Interface' being destroyed
[2020.03.18-21.54.48:586][ 42]LogWorld: UWorld::CleanupWorld for World_16, bSessionEnded=true, bCleanupResources=true
[2020.03.18-21.54.48:586][ 42]LogSlate: InvalidateAllWidgets triggered.  All widgets were invalidated
[2020.03.18-21.54.48:647][ 42]LogWorld: UWorld::CleanupWorld for World_17, bSessionEnded=true, bCleanupResources=true
[2020.03.18-21.54.48:647][ 42]LogSlate: InvalidateAllWidgets triggered.  All widgets were invalidated
[2020.03.18-21.54.48:681][ 42]LogWorld: UWorld::CleanupWorld for World_18, bSessionEnded=true, bCleanupResources=true
[2020.03.18-21.54.48:681][ 42]LogSlate: InvalidateAllWidgets triggered.  All widgets were invalidated
[2020.03.18-21.54.56:734][232]LogAssetEditorSubsystem: Opening Asset editor for UserDefinedStruct /Game/Blueprints/GameData.GameData
[2020.03.18-21.55.35:528][346]Cmd: TRANSACTION UNDO
[2020.03.18-21.55.35:528][346]LogEditorTransaction: Undo Remove Variable
[2020.03.18-21.55.51:221][866]Cmd: TRANSACTION UNDO
[2020.03.18-21.55.51:221][866]LogEditorTransaction: Undo Variables reordered
[2020.03.18-21.55.53:373][957]Cmd: TRANSACTION UNDO
[2020.03.18-21.55.53:373][957]LogEditorTransaction: Undo Variables reordered
[2020.03.18-21.55.53:632][963]Cmd: TRANSACTION UNDO
[2020.03.18-21.55.53:632][963]LogEditorTransaction: Undo Variables reordered
[2020.03.18-21.55.53:889][969]Cmd: TRANSACTION UNDO
[2020.03.18-21.55.53:890][969]LogEditorTransaction: Undo Variables reordered
[2020.03.18-21.55.54:144][975]Cmd: TRANSACTION UNDO
[2020.03.18-21.55.54:144][975]LogEditorTransaction: Undo Variables reordered
[2020.03.18-21.55.54:362][980]Cmd: TRANSACTION UNDO
[2020.03.18-21.55.54:362][980]LogEditorTransaction: Undo Variables reordered
[2020.03.18-21.55.54:578][985]Cmd: TRANSACTION UNDO
[2020.03.18-21.55.54:579][985]LogEditorTransaction: Undo Variables reordered
[2020.03.18-21.55.54:798][990]Cmd: TRANSACTION UNDO
[2020.03.18-21.55.54:798][990]LogEditorTransaction: Undo Variables reordered
[2020.03.18-21.55.55:016][995]Cmd: TRANSACTION UNDO
[2020.03.18-21.55.55:016][995]LogEditorTransaction: Undo Change Variable Default Value
[2020.03.18-21.55.55:232][  0]Cmd: TRANSACTION UNDO
[2020.03.18-21.55.55:232][  0]LogEditorTransaction: Undo Change Variable Default Value
[2020.03.18-21.55.55:446][  5]Cmd: TRANSACTION UNDO
[2020.03.18-21.55.55:446][  5]LogEditorTransaction: Undo Add Variable
[2020.03.18-21.55.55:748][ 12]Cmd: TRANSACTION UNDO
[2020.03.18-21.55.55:748][ 12]LogEditorTransaction: Undo Add Variable
[2020.03.18-21.55.56:176][ 22]Cmd: TRANSACTION UNDO
[2020.03.18-21.55.56:176][ 22]LogEditorTransaction: Undo Add Variable
[2020.03.18-21.56.23:044][669]LogSlate: Took 0.014687 seconds to synchronously load lazily loaded font '../../../Engine/Content/Slate/Fonts/Roboto-BoldCondensedItalic.ttf' (160K)
[2020.03.18-21.57.31:316][395]Cmd: TRANSACTION UNDO
[2020.03.18-21.57.31:317][395]LogEditorTransaction: Undo Add Variable
[2020.03.18-21.57.31:721][407]Cmd: TRANSACTION UNDO
[2020.03.18-21.57.31:721][407]LogEditorTransaction: Undo Rename Variable
[2020.03.18-21.58.36:191][432]LogAssetEditorSubsystem: Opening Asset editor for UserDefinedStruct /Game/Blueprints/StringValue.StringValue
[2020.03.18-21.59.06:491][340]Cmd: OBJ SAVEPACKAGE PACKAGE="/Game/Blueprints/StringValue" FILE="C:/Users/mique/Documents/GitHub/Practica1_Unreal/Practica1/Content/Blueprints/StringValue.uasset" SILENT=true
[2020.03.18-21.59.06:504][340]LogSavePackage: Moving 'C:/Users/mique/Documents/GitHub/Practica1_Unreal/Practica1/Saved/StringValue159A28B14017CB58B1ED528D3E362000.tmp' to 'C:/Users/mique/Documents/GitHub/Practica1_Unreal/Practica1/Content/Blueprints/StringValue.uasset'
[2020.03.18-21.59.06:522][340]AssetCheck: New page: Asset Save: StringValue
[2020.03.18-21.59.06:522][340]LogContentValidation: Display: Validating UserDefinedStruct /Game/Blueprints/StringValue.StringValue
[2020.03.18-21.59.48:551][312]LogUObjectHash: Compacting FUObjectHashTables data took   3.98ms
[2020.03.18-21.59.50:197][312]LogSlate: Window 'Delete Assets' being destroyed
